2026-03-22 15:27:51 [INFO] Logging initialized.
2026-03-22 15:27:52 [INFO] Loaded settings from C:\Users\naime\OneDrive\Desktop\Nova setup v.001\NovaSetup\bin\Debug\net8.0\Configs\settings.json
2026-03-22 15:27:53 [INFO] Loaded catalog from remote server (9 apps).
2026-03-22 15:27:53 [INFO] Loaded selection profile 'Website Starter'.
2026-03-22 15:27:53 [INFO] Detected installed app 'Google Chrome' via Windows registry. Version=146.0.7680.153
2026-03-22 15:27:53 [INFO] Detected installed app 'Discord' via Windows registry. Version=1.0.9229
2026-03-22 15:27:53 [INFO] Detected installed app 'Steam' via Windows registry. Version=1.0.0.0
2026-03-22 15:27:53 [INFO] Detected installed app 'Visual Studio Code' via Windows registry. Version=1.112.0
2026-03-22 15:27:53 [INFO] Detected installed app 'Git' via Windows registry. Version=2.53.0.2
2026-03-22 15:27:53 [INFO] Detected installed app 'NVIDIA App' via Windows registry. Version=11.0.6.383
2026-03-22 15:27:54 [INFO] Windows install index prepared. RegistryEntries=435, AppPathMatches=2
2026-03-22 15:27:54 [INFO] Installed app detection completed. Platform=Windows, DetectedInstalledApps=6
2026-03-22 15:27:54 [INFO] Detected GPU vendor: NVIDIA
2026-03-22 15:27:54 [INFO] Detected motherboard vendor: ASUS
2026-03-22 15:27:57 [INFO] Recommended app 'NVIDIA App' for NVIDIA GPU. Supported=True, AutoSelected=False
2026-03-22 15:27:57 [INFO] No catalog app found for recommendation rule: ASUS motherboard
2026-03-22 15:27:57 [INFO] Recommendation summary: Total=1, Supported=1, Unsupported=0
2026-03-22 15:27:57 [INFO] Recommendations applied in background. Total=1, Supported=1, Unsupported=0, AutoSelectedLater=0
2026-03-22 15:27:57 [INFO] Saved selection profile to C:\Users\naime\OneDrive\Desktop\Nova setup v.001\NovaSetup\bin\Debug\net8.0\Configs\selection.json
2026-03-22 15:27:57 [INFO] Auto-saved list 'Website Starter' with 3 app(s).
2026-03-22 15:27:57 [INFO] Loaded 9 apps for Windows. Recommended: 1. 1 selected app(s) are unsupported and will be skipped.
2026-03-22 15:27:57 [INFO] [UpdateChecker] Update available: v1.0.0 (current: v0.5.0)
2026-03-22 15:38:53 [INFO] Account menu opened.
2026-03-22 15:38:54 [INFO] Settings opened from account menu.
2026-03-22 15:38:57 [INFO] Setting changed: DeveloperMode=True
2026-03-22 15:38:57 [INFO] Saved selection profile to C:\Users\naime\OneDrive\Desktop\Nova setup v.001\NovaSetup\bin\Debug\net8.0\Configs\selection.json
2026-03-22 15:38:57 [INFO] Auto-saved list 'Website Starter' with 3 app(s).
2026-03-22 15:38:57 [INFO] Saved settings to C:\Users\naime\OneDrive\Desktop\Nova setup v.001\NovaSetup\bin\Debug\net8.0\Configs\settings.json
2026-03-22 15:39:15 [INFO] Copied developer console logs to clipboard.
2026-03-22 15:39:16 [INFO] Copied developer console logs to clipboard.
2026-03-22 15:39:34 [INFO] Settings panel closed.
2026-03-22 16:00:21 [INFO] Logging initialized.
2026-03-22 16:00:23 [INFO] Loaded settings from C:\Users\naime\OneDrive\Desktop\Nova setup v.001\NovaSetup\bin\Debug\net8.0\Configs\settings.json
2026-03-22 16:00:24 [INFO] Loaded catalog from remote server (9 apps).
2026-03-22 16:00:24 [INFO] Loaded selection profile 'Website Starter'.
2026-03-22 16:00:25 [INFO] Detected installed app 'Google Chrome' via Windows registry. Version=146.0.7680.153
2026-03-22 16:00:25 [INFO] Detected installed app 'Discord' via Windows registry. Version=1.0.9229
2026-03-22 16:00:25 [INFO] Detected installed app 'Steam' via Windows registry. Version=1.0.0.0
2026-03-22 16:00:25 [INFO] Detected installed app 'Visual Studio Code' via Windows registry. Version=1.112.0
2026-03-22 16:00:25 [INFO] Detected installed app 'Git' via Windows registry. Version=2.53.0.2
2026-03-22 16:00:25 [INFO] Detected installed app 'NVIDIA App' via Windows registry. Version=11.0.6.383
2026-03-22 16:00:25 [INFO] Windows install index prepared. RegistryEntries=435, AppPathMatches=2
2026-03-22 16:00:25 [INFO] Installed app detection completed. Platform=Windows, DetectedInstalledApps=6
2026-03-22 16:00:26 [INFO] Detected GPU vendor: NVIDIA
2026-03-22 16:00:27 [INFO] Detected motherboard vendor: ASUS
2026-03-22 16:00:30 [INFO] Recommended app 'NVIDIA App' for NVIDIA GPU. Supported=True, AutoSelected=False
2026-03-22 16:00:30 [INFO] No catalog app found for recommendation rule: ASUS motherboard
2026-03-22 16:00:30 [INFO] Recommendation summary: Total=1, Supported=1, Unsupported=0
2026-03-22 16:00:30 [INFO] Recommendations applied in background. Total=1, Supported=1, Unsupported=0, AutoSelectedLater=0
2026-03-22 16:00:30 [INFO] Saved selection profile to C:\Users\naime\OneDrive\Desktop\Nova setup v.001\NovaSetup\bin\Debug\net8.0\Configs\selection.json
2026-03-22 16:00:30 [INFO] Auto-saved list 'Website Starter' with 3 app(s).
2026-03-22 16:00:30 [INFO] Loaded 9 apps for Windows. Recommended: 1. 1 selected app(s) are unsupported and will be skipped.
2026-03-22 16:00:30 [INFO] [UpdateChecker] Update available: v1.0.0 (current: v0.5.0)
2026-03-22 16:00:37 [INFO] Account menu opened.
2026-03-22 16:00:38 [INFO] Navigation changed to 'My Lists'.
2026-03-22 16:00:39 [INFO] Account menu opened.
2026-03-22 16:00:40 [INFO] Settings opened from account menu.
2026-03-22 16:00:44 [INFO] Setting changed: DeveloperMode=False
2026-03-22 16:00:44 [INFO] Saved selection profile to C:\Users\naime\OneDrive\Desktop\Nova setup v.001\NovaSetup\bin\Debug\net8.0\Configs\selection.json
2026-03-22 16:00:44 [INFO] Auto-saved list 'Website Starter' with 3 app(s).
2026-03-22 16:00:44 [INFO] Saved profile 'AutoSave' to C:\Users\naime\AppData\Local\NovaSetup\Profiles\AutoSave.nova
2026-03-22 16:00:44 [INFO] Saved settings to C:\Users\naime\OneDrive\Desktop\Nova setup v.001\NovaSetup\bin\Debug\net8.0\Configs\settings.json
2026-03-22 16:00:46 [INFO] Settings panel closed.
2026-03-22 16:00:47 [INFO] Account menu opened.
2026-03-22 16:30:57 [INFO] Logging initialized.
2026-03-22 16:30:59 [INFO] Loaded settings from C:\Users\naime\OneDrive\Desktop\Nova setup v.001\NovaSetup\bin\Debug\net8.0\Configs\settings.json
2026-03-22 16:31:02 [INFO] Loaded catalog from remote server (9 apps).
2026-03-22 16:31:02 [INFO] Loaded selection profile 'Website Starter'.
2026-03-22 16:31:05 [INFO] Detected installed app 'Google Chrome' via Windows registry. Version=146.0.7680.153
2026-03-22 16:31:05 [INFO] Detected installed app 'Discord' via Windows registry. Version=1.0.9229
2026-03-22 16:31:05 [INFO] Detected installed app 'Steam' via Windows registry. Version=1.0.0.0
2026-03-22 16:31:05 [INFO] Detected installed app 'Visual Studio Code' via Windows registry. Version=1.112.0
2026-03-22 16:31:05 [INFO] Detected installed app 'Git' via Windows registry. Version=2.53.0.2
2026-03-22 16:31:05 [INFO] Detected installed app 'NVIDIA App' via Windows registry. Version=11.0.6.383
2026-03-22 16:31:08 [INFO] Windows install index prepared. RegistryEntries=435, AppPathMatches=2
2026-03-22 16:31:08 [INFO] Installed app detection completed. Platform=Windows, DetectedInstalledApps=6
2026-03-22 16:31:14 [INFO] Detected motherboard vendor: ASUS
2026-03-22 16:31:17 [INFO] No catalog app found for recommendation rule: ASUS motherboard
2026-03-22 16:31:17 [INFO] Recommendation summary: Total=0, Supported=0, Unsupported=0
2026-03-22 16:31:17 [INFO] No recommendation matches found in catalog for detected hardware/accessories.
2026-03-22 16:31:17 [INFO] Saved selection profile to C:\Users\naime\OneDrive\Desktop\Nova setup v.001\NovaSetup\bin\Debug\net8.0\Configs\selection.json
2026-03-22 16:31:17 [INFO] Auto-saved list 'Website Starter' with 3 app(s).
2026-03-22 16:31:17 [ERROR] Failed to load profile 'C:\Users\naime\AppData\Local\NovaSetup\Profiles\AutoSave.nova': The process cannot access the file 'C:\Users\naime\AppData\Local\NovaSetup\Profiles\AutoSave.nova' because it is being used by another process.
2026-03-22 16:31:17 [INFO] Loaded 9 apps for Windows. Recommended: 0. 1 selected app(s) are unsupported and will be skipped.
2026-03-22 16:31:17 [INFO] Saved profile 'AutoSave' to C:\Users\naime\AppData\Local\NovaSetup\Profiles\AutoSave.nova
2026-03-22 16:31:17 [INFO] [UpdateChecker] Update available: v1.0.0 (current: v0.5.0)
2026-03-22 16:31:41 [INFO] Account menu opened.
2026-03-22 16:31:42 [INFO] Navigation changed to 'My Lists'.
2026-03-22 16:31:49 [INFO] Navigation changed to 'Dashboard'.
2026-03-22 16:31:49 [INFO] Navigation changed to 'Apps'.
2026-03-22 16:31:49 [INFO] Navigation changed to 'My Lists'.
2026-03-22 16:31:50 [INFO] Navigation changed to 'Apps'.
2026-03-22 16:31:52 [INFO] Navigation changed to 'Dashboard'.
2026-03-22 16:31:52 [INFO] Navigation changed to 'Apps'.
2026-03-22 16:31:56 [INFO] Account menu opened.
2026-03-22 16:31:56 [INFO] Navigation changed to 'My Lists'.
2026-03-22 16:31:59 [INFO] Manual refresh started.
2026-03-22 16:31:59 [INFO] Loaded catalog from remote server (9 apps).
2026-03-22 16:32:01 [INFO] Detected installed app 'Google Chrome' via Windows registry. Version=146.0.7680.153
2026-03-22 16:32:01 [INFO] Detected installed app 'Discord' via Windows registry. Version=1.0.9229
2026-03-22 16:32:01 [INFO] Detected installed app 'Steam' via Windows registry. Version=1.0.0.0
2026-03-22 16:32:01 [INFO] Detected installed app 'Visual Studio Code' via Windows registry. Version=1.112.0
2026-03-22 16:32:01 [INFO] Detected installed app 'Git' via Windows registry. Version=2.53.0.2
2026-03-22 16:32:01 [INFO] Detected installed app 'NVIDIA App' via Windows registry. Version=11.0.6.383
2026-03-22 16:32:01 [INFO] Navigation changed to 'History'.
2026-03-22 16:32:02 [INFO] Windows install index prepared. RegistryEntries=435, AppPathMatches=2
2026-03-22 16:32:02 [INFO] Installed app detection completed. Platform=Windows, DetectedInstalledApps=6
2026-03-22 16:32:02 [INFO] Navigation changed to 'My Lists'.
2026-03-22 16:32:03 [INFO] Detected GPU vendor: NVIDIA
2026-03-22 16:32:04 [INFO] Detected motherboard vendor: ASUS
2026-03-22 16:32:07 [INFO] Recommended app 'NVIDIA App' for NVIDIA GPU. Supported=True, AutoSelected=False
2026-03-22 16:32:07 [INFO] No catalog app found for recommendation rule: ASUS motherboard
2026-03-22 16:32:07 [INFO] Recommendation summary: Total=1, Supported=1, Unsupported=0
2026-03-22 16:32:07 [INFO] Manual refresh completed.
2026-03-22 16:32:07 [INFO] Loaded 9 apps for Windows. Recommended: 1. 1 selected app(s) are unsupported and will be skipped. Refreshed current catalog and app state.
2026-03-22 16:32:11 [INFO] Navigation changed to 'Apps'.
2026-03-22 16:32:45 [INFO] Account menu opened.
2026-03-22 16:32:47 [INFO] Navigation changed to 'My Lists'.
2026-03-22 16:32:49 [INFO] Account menu opened.
2026-03-22 16:32:52 [INFO] Account menu opened.
2026-03-22 16:33:18 [INFO] Logging initialized.
2026-03-22 16:33:21 [INFO] Loaded settings from C:\Users\naime\OneDrive\Desktop\Nova setup v.001\NovaSetup\bin\Debug\net8.0\Configs\settings.json
2026-03-22 16:33:24 [INFO] Loaded catalog from remote server (9 apps).
2026-03-22 16:33:25 [INFO] Loaded selection profile 'Website Starter'.
2026-03-22 16:33:29 [INFO] Detected installed app 'Google Chrome' via Windows registry. Version=146.0.7680.153
2026-03-22 16:33:29 [INFO] Detected installed app 'Discord' via Windows registry. Version=1.0.9229
2026-03-22 16:33:30 [INFO] Detected installed app 'Steam' via Windows registry. Version=1.0.0.0
2026-03-22 16:33:30 [INFO] Detected installed app 'Visual Studio Code' via Windows registry. Version=1.112.0
2026-03-22 16:33:30 [INFO] Detected installed app 'Git' via Windows registry. Version=2.53.0.2
2026-03-22 16:33:30 [INFO] Detected installed app 'NVIDIA App' via Windows registry. Version=11.0.6.383
2026-03-22 16:33:33 [INFO] Windows install index prepared. RegistryEntries=435, AppPathMatches=2
2026-03-22 16:33:33 [INFO] Installed app detection completed. Platform=Windows, DetectedInstalledApps=6
2026-03-22 16:33:35 [INFO] Detected GPU vendor: NVIDIA
2026-03-22 16:33:38 [INFO] Detected motherboard vendor: ASUS
2026-03-22 16:33:41 [INFO] Recommended app 'NVIDIA App' for NVIDIA GPU. Supported=True, AutoSelected=False
2026-03-22 16:33:41 [INFO] No catalog app found for recommendation rule: ASUS motherboard
2026-03-22 16:33:41 [INFO] Recommendation summary: Total=1, Supported=1, Unsupported=0
2026-03-22 16:33:41 [INFO] Recommendations applied in background. Total=1, Supported=1, Unsupported=0, AutoSelectedLater=0
2026-03-22 16:33:41 [INFO] Saved selection profile to C:\Users\naime\OneDrive\Desktop\Nova setup v.001\NovaSetup\bin\Debug\net8.0\Configs\selection.json
2026-03-22 16:33:41 [INFO] Auto-saved list 'Website Starter' with 3 app(s).
2026-03-22 16:33:41 [ERROR] Failed to load profile 'C:\Users\naime\AppData\Local\NovaSetup\Profiles\AutoSave.nova': The process cannot access the file 'C:\Users\naime\AppData\Local\NovaSetup\Profiles\AutoSave.nova' because it is being used by another process.
2026-03-22 16:33:41 [INFO] Loaded 9 apps for Windows. Recommended: 1. 1 selected app(s) are unsupported and will be skipped.
2026-03-22 16:33:41 [INFO] Saved profile 'AutoSave' to C:\Users\naime\AppData\Local\NovaSetup\Profiles\AutoSave.nova
2026-03-22 16:33:41 [INFO] [UpdateChecker] Update available: v1.0.0 (current: v0.5.0)
2026-03-22 16:34:04 [INFO] Account menu opened.
2026-03-22 16:34:05 [INFO] Settings opened from account menu.
2026-03-22 16:34:06 [INFO] Account menu opened.
2026-03-22 16:34:07 [INFO] Navigation changed to 'My Lists'.
