2026-03-08 17:53:00 [INFO] Logging initialized.
2026-03-08 17:53:02 [INFO] Loaded 9 apps from apps.json.
2026-03-08 17:53:02 [INFO] Applied settings from selection.json: Profile='Website Starter', Silent=True, SelfDelete=False, ShowUnsupported=False, InstallLocation=''
2026-03-08 17:53:02 [INFO] Detected GPU vendor: NVIDIA
2026-03-08 17:53:02 [INFO] Detected motherboard vendor: ASUS
2026-03-08 17:53:05 [INFO] Recommended app 'NVIDIA App' for NVIDIA GPU. Supported=True, AutoSelected=True
2026-03-08 17:53:05 [INFO] No catalog app found for recommendation rule: ASUS motherboard
2026-03-08 17:53:05 [INFO] Recommendation summary: Total=1, Supported=1, Unsupported=0
2026-03-08 17:53:05 [INFO] Recommendations applied. Total=1, Supported=1, Unsupported=0
2026-03-08 17:53:05 [INFO] Loaded 9 apps for Windows. Recommended: 1. 1 selected app(s) are unsupported and will be skipped.
2026-03-08 17:53:35 [INFO] Setting changed: ShowUnsupportedApps=True
2026-03-08 17:53:43 [INFO] Setting changed: SelfDeleteEnabled=True
2026-03-08 17:53:44 [INFO] Setting changed: SelfDeleteEnabled=False
2026-03-08 17:53:47 [INFO] Setting changed: ShowUnsupportedApps=False
2026-03-08 18:38:27 [INFO] Logging initialized.
2026-03-08 18:38:30 [INFO] Loaded 9 apps from apps.json.
2026-03-08 18:38:30 [INFO] Applied settings from selection.json: Profile='Website Starter', Silent=True, SelfDelete=False, ShowUnsupported=False, InstallLocation=''
2026-03-08 18:38:31 [INFO] Detected GPU vendor: NVIDIA
2026-03-08 18:38:31 [INFO] Detected motherboard vendor: ASUS
2026-03-08 18:38:34 [INFO] Recommended app 'NVIDIA App' for NVIDIA GPU. Supported=True, AutoSelected=True
2026-03-08 18:38:34 [INFO] No catalog app found for recommendation rule: ASUS motherboard
2026-03-08 18:38:34 [INFO] Recommendation summary: Total=1, Supported=1, Unsupported=0
2026-03-08 18:38:34 [INFO] Recommendations applied. Total=1, Supported=1, Unsupported=0
2026-03-08 18:38:34 [INFO] Loaded 9 apps for Windows. Recommended: 1. 1 selected app(s) are unsupported and will be skipped.
2026-03-08 19:01:54 [INFO] Logging initialized.
2026-03-08 19:01:56 [INFO] Loaded 9 apps from apps.json.
2026-03-08 19:01:56 [INFO] Applied settings from selection.json: Profile='Website Starter', Silent=True, SelfDelete=False, ShowUnsupported=False, InstallLocation=''
2026-03-08 19:01:56 [INFO] Detected GPU vendor: NVIDIA
2026-03-08 19:01:57 [INFO] Detected motherboard vendor: ASUS
2026-03-08 19:02:00 [INFO] Recommended app 'NVIDIA App' for NVIDIA GPU. Supported=True, AutoSelected=True
2026-03-08 19:02:00 [INFO] No catalog app found for recommendation rule: ASUS motherboard
2026-03-08 19:02:00 [INFO] Recommendation summary: Total=1, Supported=1, Unsupported=0
2026-03-08 19:02:00 [INFO] Recommendations applied. Total=1, Supported=1, Unsupported=0
2026-03-08 19:02:00 [INFO] Loaded 9 apps for Windows. Recommended: 1. 1 selected app(s) are unsupported and will be skipped.
2026-03-08 19:03:28 [INFO] Setting changed: ShowUnsupportedApps=True
2026-03-08 19:03:29 [INFO] Setting changed: ShowUnsupportedApps=False
2026-03-08 19:08:37 [INFO] Logging initialized.
2026-03-08 19:08:38 [INFO] Loaded 9 apps from apps.json.
2026-03-08 19:08:38 [INFO] Applied settings from selection.json: Profile='Website Starter', Silent=True, SelfDelete=False, ShowUnsupported=False, InstallLocation=''
2026-03-08 19:08:39 [INFO] Detected GPU vendor: NVIDIA
2026-03-08 19:08:39 [INFO] Detected motherboard vendor: ASUS
2026-03-08 19:08:42 [INFO] Recommended app 'NVIDIA App' for NVIDIA GPU. Supported=True, AutoSelected=True
2026-03-08 19:08:42 [INFO] No catalog app found for recommendation rule: ASUS motherboard
2026-03-08 19:08:42 [INFO] Recommendation summary: Total=1, Supported=1, Unsupported=0
2026-03-08 19:08:42 [INFO] Recommendations applied. Total=1, Supported=1, Unsupported=0
2026-03-08 19:08:42 [INFO] Loaded 9 apps for Windows. Recommended: 1. 1 selected app(s) are unsupported and will be skipped.
2026-03-08 19:09:41 [INFO] Setting changed: DefaultInstallLocation='s'
2026-03-08 19:09:43 [INFO] Setting changed: DefaultInstallLocation='st'
2026-03-08 19:09:43 [INFO] Setting changed: DefaultInstallLocation='ste'
2026-03-08 19:09:43 [INFO] Setting changed: DefaultInstallLocation='stea'
2026-03-08 19:09:44 [INFO] Setting changed: DefaultInstallLocation='steam'
2026-03-08 19:09:49 [INFO] Setting changed: DefaultInstallLocation=''
2026-03-08 19:17:45 [INFO] Setting changed: ProfileName='Default'
2026-03-08 19:30:50 [INFO] Logging initialized.
2026-03-08 19:30:51 [INFO] Loaded 9 apps from apps.json.
2026-03-08 19:30:51 [INFO] Applied settings from selection.json: Profile='Website Starter', Silent=True, SelfDelete=False, ShowUnsupported=False, InstallLocation=''
2026-03-08 19:30:52 [INFO] Detected GPU vendor: NVIDIA
2026-03-08 19:30:52 [INFO] Detected motherboard vendor: ASUS
2026-03-08 19:30:55 [INFO] Recommended app 'NVIDIA App' for NVIDIA GPU. Supported=True, AutoSelected=True
2026-03-08 19:30:55 [INFO] No catalog app found for recommendation rule: ASUS motherboard
2026-03-08 19:30:55 [INFO] Recommendation summary: Total=1, Supported=1, Unsupported=0
2026-03-08 19:30:55 [INFO] Recommendations applied. Total=1, Supported=1, Unsupported=0
2026-03-08 19:30:55 [INFO] Loaded 9 apps for Windows. Recommended: 1. 1 selected app(s) are unsupported and will be skipped.
